2022-06-28 13:10:12 INFO  Log:11 - =====================================loginTest TEST START=========================================
2022-06-28 13:10:13 INFO  Log:22 - Enter Username and Password
2022-06-28 13:43:54 INFO  Log:11 - =====================================loginTest TEST START=========================================
2022-06-28 13:43:54 INFO  Log:22 - Enter Username and Password
2022-06-28 13:44:00 INFO  Log:22 - Login is Sucess
2022-06-28 13:44:00 INFO  Log:15 - =====================================loginTest TEST END=========================================
2022-06-28 13:44:13 INFO  Log:11 - =====================================loginTest TEST START=========================================
2022-06-28 13:44:13 INFO  Log:22 - Enter Username and Password
2022-06-28 13:55:51 INFO  Log:11 - =====================================loginTest TEST START=========================================
2022-06-28 13:55:51 INFO  Log:22 - Enter Username and Password
2022-06-28 13:55:54 INFO  Log:22 - Login is Sucess
2022-06-28 13:55:54 INFO  Log:15 - =====================================loginTest TEST END=========================================
2022-06-28 13:56:05 INFO  Log:11 - =====================================loginTest TEST START=========================================
2022-06-28 13:56:05 INFO  Log:22 - Enter Username and Password
2022-06-28 13:57:39 INFO  Log:11 - =====================================loginTest TEST START=========================================
2022-06-28 13:57:39 INFO  Log:22 - Enter Username and Password
2022-06-28 13:57:42 INFO  Log:22 - Login is Sucess
2022-06-28 13:57:42 INFO  Log:15 - =====================================loginTest TEST END=========================================
2022-06-28 13:57:52 INFO  Log:11 - =====================================loginTest TEST START=========================================
2022-06-28 13:57:52 INFO  Log:22 - Enter Username and Password
2022-06-28 14:12:56 INFO  Log:11 - =====================================loginTest TEST START=========================================
2022-06-28 14:12:57 INFO  Log:22 - Enter Username and Password
2022-06-28 14:13:02 INFO  Log:22 - Login is Sucess
2022-06-28 14:13:02 INFO  Log:15 - =====================================loginTest TEST END=========================================
2022-06-28 14:13:10 INFO  Log:11 - =====================================loginTest TEST START=========================================
2022-06-28 14:13:10 INFO  Log:22 - Enter Username and Password
2022-06-28 14:15:25 INFO  Log:11 - =====================================loginTest TEST START=========================================
2022-06-28 14:15:25 INFO  Log:22 - Enter Username and Password
2022-06-28 14:15:28 INFO  Log:22 - Login is Sucess
2022-06-28 14:15:28 INFO  Log:15 - =====================================loginTest TEST END=========================================
2022-06-28 14:28:11 INFO  Log:11 - =====================================loginTest TEST START=========================================
2022-06-28 14:28:11 INFO  Log:22 - Enter Username and Password
2022-06-28 14:28:14 INFO  Log:22 - Login is Sucess
2022-06-28 14:28:14 INFO  Log:15 - =====================================loginTest TEST END=========================================
2022-06-28 14:28:24 INFO  Log:11 - =====================================loginTest TEST START=========================================
2022-06-28 14:28:24 INFO  Log:22 - Enter Username and Password
2022-06-28 14:33:54 INFO  Log:11 - =====================================loginTest TEST START=========================================
2022-06-28 14:33:55 INFO  Log:22 - Enter Username and Password
2022-06-28 14:33:59 INFO  Log:22 - Login is Sucess
2022-06-28 14:33:59 INFO  Log:15 - =====================================loginTest TEST END=========================================
2022-06-28 14:34:11 INFO  Log:11 - =====================================loginTest TEST START=========================================
2022-06-28 14:34:11 INFO  Log:22 - Enter Username and Password
2022-06-28 14:34:15 DEBUG cache:45 - Couldn't find template in cache for "v3html/v3-html-index.ftl"("en", UTF-8, parsed); will try to load it.
2022-06-28 14:34:15 DEBUG cache:45 - TemplateLoader.findTemplateSource("v3html/v3-html-index_en.ftl"): Not found
2022-06-28 14:34:15 DEBUG cache:45 - TemplateLoader.findTemplateSource("v3html/v3-html-index.ftl"): Found
2022-06-28 14:34:15 DEBUG cache:45 - Loading template for "v3html/v3-html-index.ftl"("en", UTF-8, parsed) from "jar:file:/C:/Users/Amar/.m2/repository/com/aventstack/extentreports/4.0.9/extentreports-4.0.9.jar!/com/aventstack/extentreports/view/v3html/v3-html-index.ftl"
2022-06-28 14:34:16 DEBUG cache:45 - Couldn't find template in cache for "v3html/v3-html-head.ftl"("en", UTF-8, parsed); will try to load it.
2022-06-28 14:34:16 DEBUG cache:45 - TemplateLoader.findTemplateSource("v3html/v3-html-head_en.ftl"): Not found
2022-06-28 14:34:16 DEBUG cache:45 - TemplateLoader.findTemplateSource("v3html/v3-html-head.ftl"): Found
2022-06-28 14:34:16 DEBUG cache:45 - Loading template for "v3html/v3-html-head.ftl"("en", UTF-8, parsed) from "jar:file:/C:/Users/Amar/.m2/repository/com/aventstack/extentreports/4.0.9/extentreports-4.0.9.jar!/com/aventstack/extentreports/view/v3html/v3-html-head.ftl"
2022-06-28 14:34:16 DEBUG cache:45 - Couldn't find template in cache for "v3html/v3-html-nav.ftl"("en", UTF-8, parsed); will try to load it.
2022-06-28 14:34:16 DEBUG cache:45 - TemplateLoader.findTemplateSource("v3html/v3-html-nav_en.ftl"): Not found
2022-06-28 14:34:16 DEBUG cache:45 - TemplateLoader.findTemplateSource("v3html/v3-html-nav.ftl"): Found
2022-06-28 14:34:16 DEBUG cache:45 - Loading template for "v3html/v3-html-nav.ftl"("en", UTF-8, parsed) from "jar:file:/C:/Users/Amar/.m2/repository/com/aventstack/extentreports/4.0.9/extentreports-4.0.9.jar!/com/aventstack/extentreports/view/v3html/v3-html-nav.ftl"
2022-06-28 14:34:16 DEBUG cache:45 - Couldn't find template in cache for "v3html/test-view/v3-html-test-view.ftl"("en", UTF-8, parsed); will try to load it.
2022-06-28 14:34:16 DEBUG cache:45 - TemplateLoader.findTemplateSource("v3html/test-view/v3-html-test-view_en.ftl"): Not found
2022-06-28 14:34:16 DEBUG cache:45 - TemplateLoader.findTemplateSource("v3html/test-view/v3-html-test-view.ftl"): Found
2022-06-28 14:34:16 DEBUG cache:45 - Loading template for "v3html/test-view/v3-html-test-view.ftl"("en", UTF-8, parsed) from "jar:file:/C:/Users/Amar/.m2/repository/com/aventstack/extentreports/4.0.9/extentreports-4.0.9.jar!/com/aventstack/extentreports/view/v3html/test-view/v3-html-test-view.ftl"
2022-06-28 14:34:16 DEBUG cache:45 - Couldn't find template in cache for "v3html/test-view/v3-html-test-view-charts.ftl"("en", UTF-8, parsed); will try to load it.
2022-06-28 14:34:16 DEBUG cache:45 - TemplateLoader.findTemplateSource("v3html/test-view/v3-html-test-view-charts_en.ftl"): Not found
2022-06-28 14:34:16 DEBUG cache:45 - TemplateLoader.findTemplateSource("v3html/test-view/v3-html-test-view-charts.ftl"): Found
2022-06-28 14:34:16 DEBUG cache:45 - Loading template for "v3html/test-view/v3-html-test-view-charts.ftl"("en", UTF-8, parsed) from "jar:file:/C:/Users/Amar/.m2/repository/com/aventstack/extentreports/4.0.9/extentreports-4.0.9.jar!/com/aventstack/extentreports/view/v3html/test-view/v3-html-test-view-charts.ftl"
2022-06-28 14:34:16 DEBUG cache:45 - Couldn't find template in cache for "v3html/test-view/v3-html-standard.ftl"("en", UTF-8, parsed); will try to load it.
2022-06-28 14:34:16 DEBUG cache:45 - TemplateLoader.findTemplateSource("v3html/test-view/v3-html-standard_en.ftl"): Not found
2022-06-28 14:34:16 DEBUG cache:45 - TemplateLoader.findTemplateSource("v3html/test-view/v3-html-standard.ftl"): Found
2022-06-28 14:34:16 DEBUG cache:45 - Loading template for "v3html/test-view/v3-html-standard.ftl"("en", UTF-8, parsed) from "jar:file:/C:/Users/Amar/.m2/repository/com/aventstack/extentreports/4.0.9/extentreports-4.0.9.jar!/com/aventstack/extentreports/view/v3html/test-view/v3-html-standard.ftl"
2022-06-28 14:34:16 DEBUG cache:45 - "v3html/test-view/v3-html-standard.ftl"("en", UTF-8, parsed) cached copy not yet stale; using cached.
2022-06-28 14:34:16 DEBUG cache:45 - Couldn't find template in cache for "v3html/category-view/v3-html-category-view.ftl"("en", UTF-8, parsed); will try to load it.
2022-06-28 14:34:16 DEBUG cache:45 - TemplateLoader.findTemplateSource("v3html/category-view/v3-html-category-view_en.ftl"): Not found
2022-06-28 14:34:16 DEBUG cache:45 - TemplateLoader.findTemplateSource("v3html/category-view/v3-html-category-view.ftl"): Found
2022-06-28 14:34:16 DEBUG cache:45 - Loading template for "v3html/category-view/v3-html-category-view.ftl"("en", UTF-8, parsed) from "jar:file:/C:/Users/Amar/.m2/repository/com/aventstack/extentreports/4.0.9/extentreports-4.0.9.jar!/com/aventstack/extentreports/view/v3html/category-view/v3-html-category-view.ftl"
2022-06-28 14:34:16 DEBUG cache:45 - Couldn't find template in cache for "v3html/exception-view/v3-html-exception-view.ftl"("en", UTF-8, parsed); will try to load it.
2022-06-28 14:34:16 DEBUG cache:45 - TemplateLoader.findTemplateSource("v3html/exception-view/v3-html-exception-view_en.ftl"): Not found
2022-06-28 14:34:16 DEBUG cache:45 - TemplateLoader.findTemplateSource("v3html/exception-view/v3-html-exception-view.ftl"): Found
2022-06-28 14:34:16 DEBUG cache:45 - Loading template for "v3html/exception-view/v3-html-exception-view.ftl"("en", UTF-8, parsed) from "jar:file:/C:/Users/Amar/.m2/repository/com/aventstack/extentreports/4.0.9/extentreports-4.0.9.jar!/com/aventstack/extentreports/view/v3html/exception-view/v3-html-exception-view.ftl"
2022-06-28 14:34:16 DEBUG cache:45 - Couldn't find template in cache for "v3html/author-view/v3-html-author-view.ftl"("en", UTF-8, parsed); will try to load it.
2022-06-28 14:34:16 DEBUG cache:45 - TemplateLoader.findTemplateSource("v3html/author-view/v3-html-author-view_en.ftl"): Not found
2022-06-28 14:34:16 DEBUG cache:45 - TemplateLoader.findTemplateSource("v3html/author-view/v3-html-author-view.ftl"): Found
2022-06-28 14:34:16 DEBUG cache:45 - Loading template for "v3html/author-view/v3-html-author-view.ftl"("en", UTF-8, parsed) from "jar:file:/C:/Users/Amar/.m2/repository/com/aventstack/extentreports/4.0.9/extentreports-4.0.9.jar!/com/aventstack/extentreports/view/v3html/author-view/v3-html-author-view.ftl"
2022-06-28 14:34:16 DEBUG cache:45 - Couldn't find template in cache for "v3html/dashboard-view/v3-html-dashboard-view.ftl"("en", UTF-8, parsed); will try to load it.
2022-06-28 14:34:16 DEBUG cache:45 - TemplateLoader.findTemplateSource("v3html/dashboard-view/v3-html-dashboard-view_en.ftl"): Not found
2022-06-28 14:34:16 DEBUG cache:45 - TemplateLoader.findTemplateSource("v3html/dashboard-view/v3-html-dashboard-view.ftl"): Found
2022-06-28 14:34:16 DEBUG cache:45 - Loading template for "v3html/dashboard-view/v3-html-dashboard-view.ftl"("en", UTF-8, parsed) from "jar:file:/C:/Users/Amar/.m2/repository/com/aventstack/extentreports/4.0.9/extentreports-4.0.9.jar!/com/aventstack/extentreports/view/v3html/dashboard-view/v3-html-dashboard-view.ftl"
2022-06-28 14:34:16 DEBUG cache:45 - Couldn't find template in cache for "v3html/logs-view/v3-html-testrunner-logs-view.ftl"("en", UTF-8, parsed); will try to load it.
2022-06-28 14:34:16 DEBUG cache:45 - TemplateLoader.findTemplateSource("v3html/logs-view/v3-html-testrunner-logs-view_en.ftl"): Not found
2022-06-28 14:34:16 DEBUG cache:45 - TemplateLoader.findTemplateSource("v3html/logs-view/v3-html-testrunner-logs-view.ftl"): Found
2022-06-28 14:34:16 DEBUG cache:45 - Loading template for "v3html/logs-view/v3-html-testrunner-logs-view.ftl"("en", UTF-8, parsed) from "jar:file:/C:/Users/Amar/.m2/repository/com/aventstack/extentreports/4.0.9/extentreports-4.0.9.jar!/com/aventstack/extentreports/view/v3html/logs-view/v3-html-testrunner-logs-view.ftl"
